<?xml version="1.0" encoding="UTF-8"?>
<!-- Generated by org.testng.reporters.JUnitXMLReporter -->
<testsuite ignored="2" hostname="DESKTOP-KQKHIC5" failures="0" tests="4" name="Test" time="0.216" errors="0" timestamp="24 Jul 2024 10:24:15 GMT">
  <testcase classname="TestNg.OneTCExample" name="testcase_01" time="0.051"/>
  <testcase classname="TestNg.MultipleTCExample" name="TC_02" time="0.004"/>
  <testcase classname="TestNg.MultipleTCExample" name="TC_03" time="0.007"/>
  <testcase classname="TestNg.MultipleTCExample" name="TC_04" time="0.009"/>
  <testcase classname="TestNg.BaseClass" name="@AfterTest method3" time="0.0">
    <ignored/>
  </testcase> <!-- @AfterTest method3 -->
  <testcase classname="TestNg.BaseClass" name="@BeforeTest method4" time="0.0">
    <ignored/>
  </testcase> <!-- @BeforeTest method4 -->
</testsuite> <!-- Test -->
