<?xml version="1.0" encoding="UTF-8"?>
<testng-results ignored="0" total="1" passed="1" failed="0" skipped="0">
  <reporter-output>
  </reporter-output>
  <suite started-at="2024-07-24T11:23:11Z" name="Default suite" finished-at="2024-07-24T11:23:11Z" duration-ms="167">
    <groups>
      <group name="regression">
        <method signature="OneTCExample.TC_01()[pri:0, instance:TestNg.OneTCExample@c7ba306]" name="TC_01" class="TestNg.OneTCExample"/>
      </group> <!-- regression -->
    </groups>
    <test started-at="2024-07-24T11:23:11Z" name="Default test" finished-at="2024-07-24T11:23:11Z" duration-ms="167">
      <class name="TestNg.OneTCExample">
        <test-method is-config="true" signature="method4()[pri:0, instance:TestNg.OneTCExample@c7ba306]" started-at="2024-07-24T11:23:11Z" name="method4" finished-at="2024-07-24T11:23:11Z" duration-ms="40" status="PASS">
          <reporter-output>
          </reporter-output>
        </test-method> <!-- method4 -->
        <test-method is-config="true" signature="method1()[pri:0, instance:TestNg.OneTCExample@c7ba306]" started-at="2024-07-24T11:23:11Z" name="method1" finished-at="2024-07-24T11:23:11Z" duration-ms="1" status="PASS">
          <reporter-output>
          </reporter-output>
        </test-method> <!-- method1 -->
        <test-method signature="TC_01()[pri:0, instance:TestNg.OneTCExample@c7ba306]" started-at="2024-07-24T11:23:11Z" name="TC_01" finished-at="2024-07-24T11:23:11Z" duration-ms="33" status="PASS">
          <reporter-output>
          </reporter-output>
        </test-method> <!-- TC_01 -->
        <test-method is-config="true" signature="method2()[pri:0, instance:TestNg.OneTCExample@c7ba306]" started-at="2024-07-24T11:23:11Z" name="method2" finished-at="2024-07-24T11:23:11Z" duration-ms="4" status="PASS">
          <reporter-output>
          </reporter-output>
        </test-method> <!-- method2 -->
        <test-method is-config="true" signature="method3()[pri:0, instance:TestNg.OneTCExample@c7ba306]" started-at="2024-07-24T11:23:11Z" name="method3" finished-at="2024-07-24T11:23:11Z" duration-ms="1" status="PASS">
          <reporter-output>
          </reporter-output>
        </test-method> <!-- method3 -->
      </class> <!-- TestNg.OneTCExample -->
    </test> <!-- Default test -->
  </suite> <!-- Default suite -->
</testng-results>
